Spark Command: /opt/java/openjdk/bin/java -cp /opt/spark/conf:/opt/spark/jars/* -Xmx1g org.apache.spark.deploy.master.Master --host bf9fbfc116a0 --port 7077 --webui-port 8080
========================================
Using Spark's default log4j profile: org/apache/spark/log4j2-defaults.properties
25/12/11 10:10:55 INFO Master: Started daemon with process name: 25@bf9fbfc116a0
25/12/11 10:10:55 INFO SignalUtils: Registering signal handler for TERM
25/12/11 10:10:55 INFO SignalUtils: Registering signal handler for HUP
25/12/11 10:10:55 INFO SignalUtils: Registering signal handler for INT
25/12/11 10:10:59 WARN NativeCodeLoader: Unable to load native-hadoop library for your platform... using builtin-java classes where applicable
25/12/11 10:11:00 INFO SecurityManager: Changing view acls to: root
25/12/11 10:11:00 INFO SecurityManager: Changing modify acls to: root
25/12/11 10:11:00 INFO SecurityManager: Changing view acls groups to: 
25/12/11 10:11:00 INFO SecurityManager: Changing modify acls groups to: 
25/12/11 10:11:00 INFO SecurityManager: SecurityManager: authentication disabled; ui acls disabled; users with view permissions: root; groups with view permissions: EMPTY; users with modify permissions: root; groups with modify permissions: EMPTY
25/12/11 10:11:03 INFO Utils: Successfully started service 'sparkMaster' on port 7077.
25/12/11 10:11:03 INFO Master: Starting Spark master at spark://bf9fbfc116a0:7077
25/12/11 10:11:03 INFO Master: Running Spark version 3.5.1
25/12/11 10:11:04 INFO JettyUtils: Start Jetty 0.0.0.0:8080 for MasterUI
25/12/11 10:11:05 INFO Utils: Successfully started service 'MasterUI' on port 8080.
25/12/11 10:11:05 INFO MasterWebUI: Bound MasterWebUI to 0.0.0.0, and started at http://bf9fbfc116a0:8080
25/12/11 10:11:06 INFO Master: I have been elected leader! New state: ALIVE
25/12/11 10:11:08 INFO Master: Registering worker 172.18.0.7:40089 with 4 cores, 1024.0 MiB RAM
25/12/11 10:11:09 INFO Master: Registering worker 172.18.0.8:46195 with 4 cores, 1024.0 MiB RAM
